<?xml version="1.0" encoding="UTF-8"?>
<testsuite xmlns:xsi="http://www.w3.org/2001/XMLSchema-instance" xsi:noNamespaceSchemaLocation="https://maven.apache.org/surefire/maven-surefire-plugin/xsd/surefire-test-report-3.0.xsd" version="3.0" name="com.example.review.TestFunctions" time="0.975" tests="30" errors="0" skipped="0" failures="0">
  <properties>
    <property name="java.specification.version" value="21"/>
    <property name="sun.jnu.encoding" value="UTF-8"/>
    <property name="sun.awt.enableExtraMouseButtons" value="true"/>
    <property name="java.class.path" value="/Users/t-hh_macacct/Downloads/COM6003_Assignment_2_folder-5/project_/target/test-classes:/Users/t-hh_macacct/Downloads/COM6003_Assignment_2_folder-5/project_/target/classes:/Users/t-hh_macacct/.m2/repository/org/junit/jupiter/junit-jupiter-api/5.8.2/junit-jupiter-api-5.8.2.jar:/Users/t-hh_macacct/.m2/repository/org/opentest4j/opentest4j/1.2.0/opentest4j-1.2.0.jar:/Users/t-hh_macacct/.m2/repository/org/junit/platform/junit-platform-commons/1.8.2/junit-platform-commons-1.8.2.jar:/Users/t-hh_macacct/.m2/repository/org/apiguardian/apiguardian-api/1.1.2/apiguardian-api-1.1.2.jar:/Users/t-hh_macacct/.m2/repository/org/junit/jupiter/junit-jupiter-engine/5.8.2/junit-jupiter-engine-5.8.2.jar:/Users/t-hh_macacct/.m2/repository/org/junit/platform/junit-platform-engine/1.8.2/junit-platform-engine-1.8.2.jar:/Users/t-hh_macacct/.m2/repository/org/xerial/sqlite-jdbc/3.36.0.3/sqlite-jdbc-3.36.0.3.jar:"/>
    <property name="java.vm.vendor" value="Eclipse Adoptium"/>
    <property name="sun.arch.data.model" value="64"/>
    <property name="java.vendor.url" value="https://adoptium.net/"/>
    <property name="user.timezone" value="Europe/London"/>
    <property name="os.name" value="Mac OS X"/>
    <property name="java.vm.specification.version" value="21"/>
    <property name="user.country" value="GB"/>
    <property name="sun.java.launcher" value="SUN_STANDARD"/>
    <property name="sun.boot.library.path" value="/Library/Java/JavaVirtualMachines/temurin-21.jdk/Contents/Home/lib"/>
    <property name="sun.java.command" value="/Users/t-hh_macacct/Downloads/COM6003_Assignment_2_folder-5/project_/target/surefire/surefirebooter10445833623035618836.jar /Users/t-hh_macacct/Downloads/COM6003_Assignment_2_folder-5/project_/target/surefire 2024-12-20T00-10-37_764-jvmRun1 surefire11787464934855858135tmp surefire_02174099792994976812tmp"/>
    <property name="http.nonProxyHosts" value="local|*.local|169.254/16|*.169.254/16"/>
    <property name="jdk.debug" value="release"/>
    <property name="test" value="com.example.review.TestFunctions"/>
    <property name="surefire.test.class.path" value="/Users/t-hh_macacct/Downloads/COM6003_Assignment_2_folder-5/project_/target/test-classes:/Users/t-hh_macacct/Downloads/COM6003_Assignment_2_folder-5/project_/target/classes:/Users/t-hh_macacct/.m2/repository/org/junit/jupiter/junit-jupiter-api/5.8.2/junit-jupiter-api-5.8.2.jar:/Users/t-hh_macacct/.m2/repository/org/opentest4j/opentest4j/1.2.0/opentest4j-1.2.0.jar:/Users/t-hh_macacct/.m2/repository/org/junit/platform/junit-platform-commons/1.8.2/junit-platform-commons-1.8.2.jar:/Users/t-hh_macacct/.m2/repository/org/apiguardian/apiguardian-api/1.1.2/apiguardian-api-1.1.2.jar:/Users/t-hh_macacct/.m2/repository/org/junit/jupiter/junit-jupiter-engine/5.8.2/junit-jupiter-engine-5.8.2.jar:/Users/t-hh_macacct/.m2/repository/org/junit/platform/junit-platform-engine/1.8.2/junit-platform-engine-1.8.2.jar:/Users/t-hh_macacct/.m2/repository/org/xerial/sqlite-jdbc/3.36.0.3/sqlite-jdbc-3.36.0.3.jar:"/>
    <property name="sun.cpu.endian" value="little"/>
    <property name="user.home" value="/Users/t-hh_macacct"/>
    <property name="user.language" value="en"/>
    <property name="java.specification.vendor" value="Oracle Corporation"/>
    <property name="java.version.date" value="2023-10-17"/>
    <property name="java.home" value="/Library/Java/JavaVirtualMachines/temurin-21.jdk/Contents/Home"/>
    <property name="file.separator" value="/"/>
    <property name="basedir" value="/Users/t-hh_macacct/Downloads/COM6003_Assignment_2_folder-5/project_"/>
    <property name="java.vm.compressedOopsMode" value="Zero based"/>
    <property name="line.separator" value="&#10;"/>
    <property name="java.vm.specification.vendor" value="Oracle Corporation"/>
    <property name="java.specification.name" value="Java Platform API Specification"/>
    <property name="apple.awt.application.name" value="ForkedBooter"/>
    <property name="surefire.real.class.path" value="/Users/t-hh_macacct/Downloads/COM6003_Assignment_2_folder-5/project_/target/surefire/surefirebooter10445833623035618836.jar"/>
    <property name="sun.management.compiler" value="HotSpot 64-Bit Tiered Compilers"/>
    <property name="ftp.nonProxyHosts" value="local|*.local|169.254/16|*.169.254/16"/>
    <property name="java.runtime.version" value="21.0.1+12-LTS"/>
    <property name="user.name" value="t-hh_macacct"/>
    <property name="stdout.encoding" value="UTF-8"/>
    <property name="path.separator" value=":"/>
    <property name="os.version" value="14.6.1"/>
    <property name="java.runtime.name" value="OpenJDK Runtime Environment"/>
    <property name="file.encoding" value="UTF-8"/>
    <property name="java.vm.name" value="OpenJDK 64-Bit Server VM"/>
    <property name="java.vendor.version" value="Temurin-21.0.1+12"/>
    <property name="maven.ext.class.path" value="/Users/t-hh_macacct/.vscode/extensions/oracle.oracle-java-23.0.1/nbcode/java/maven-nblib/netbeans-eventspy.jar"/>
    <property name="localRepository" value="/Users/t-hh_macacct/.m2/repository"/>
    <property name="java.vendor.url.bug" value="https://github.com/adoptium/adoptium-support/issues"/>
    <property name="java.io.tmpdir" value="/var/folders/f1/p4cf4cmd4p16g82_wbklt_000000gn/T/"/>
    <property name="java.version" value="21.0.1"/>
    <property name="user.dir" value="/Users/t-hh_macacct/Downloads/COM6003_Assignment_2_folder-5/project_"/>
    <property name="os.arch" value="aarch64"/>
    <property name="java.vm.specification.name" value="Java Virtual Machine Specification"/>
    <property name="native.encoding" value="UTF-8"/>
    <property name="java.library.path" value="/Users/t-hh_macacct/Library/Java/Extensions:/Library/Java/Extensions:/Network/Library/Java/Extensions:/System/Library/Java/Extensions:/usr/lib/java:."/>
    <property name="java.vm.info" value="mixed mode"/>
    <property name="stderr.encoding" value="UTF-8"/>
    <property name="java.vendor" value="Eclipse Adoptium"/>
    <property name="java.vm.version" value="21.0.1+12-LTS"/>
    <property name="sun.io.unicode.encoding" value="UnicodeBig"/>
    <property name="socksNonProxyHosts" value="local|*.local|169.254/16|*.169.254/16"/>
    <property name="java.class.version" value="65.0"/>
  </properties>
  <testcase name="testInsertStringValidWithSpaceAndHyphen" classname="com.example.review.TestFunctions" time="0.154"/>
  <testcase name="testGenerateMarksArrayCorrectValues" classname="com.example.review.TestFunctions" time="0.651"/>
  <testcase name="testBtnBackupActionPerformed_databaseConnectionFailure" classname="com.example.review.TestFunctions" time="0"/>
  <testcase name="testBtnResetActionPerformed_successfulReset" classname="com.example.review.TestFunctions" time="0"/>
  <testcase name="testValidateInput_invalidStudentID" classname="com.example.review.TestFunctions" time="0"/>
  <testcase name="testBtnBackupActionPerformed_successfulBackup" classname="com.example.review.TestFunctions" time="0"/>
  <testcase name="testIsStudentIDExist_existingID" classname="com.example.review.TestFunctions" time="0.001"/>
  <testcase name="testInsertStringValidInput" classname="com.example.review.TestFunctions" time="0.001"/>
  <testcase name="testBtnResetActionPerformed_resultsDisplayCleared" classname="com.example.review.TestFunctions" time="0"/>
  <testcase name="testBtnRemoveActionPerformed_successfulRemoval" classname="com.example.review.TestFunctions" time="0"/>
  <testcase name="testBtnAddActionPerformed_duplicateStudentID" classname="com.example.review.TestFunctions" time="0"/>
  <testcase name="testBtnCalculateActionPerformed_nullOrMissingMarks" classname="com.example.review.TestFunctions" time="0"/>
  <testcase name="testBtnAddActionPerformed_missingFields" classname="com.example.review.TestFunctions" time="0"/>
  <testcase name="testBtnAddActionPerformed_invalidMarksArray" classname="com.example.review.TestFunctions" time="0"/>
  <testcase name="testValidateInput_invalidMobileNumber" classname="com.example.review.TestFunctions" time="0"/>
  <testcase name="testDisplayModulesValidSelection" classname="com.example.review.TestFunctions" time="0.07"/>
  <testcase name="testBtnAddActionPerformed_successfulAddition" classname="com.example.review.TestFunctions" time="0"/>
  <testcase name="testBtnCalculateActionPerformed_degreeClassificationLevel6" classname="com.example.review.TestFunctions" time="0"/>
  <testcase name="testBtnCalculateActionPerformed_averageCalculationLevel4And5" classname="com.example.review.TestFunctions" time="0"/>
  <testcase name="testBtnCalculateActionPerformed_zeroMarksHandling" classname="com.example.review.TestFunctions" time="0"/>
  <testcase name="testValidateInput_validData" classname="com.example.review.TestFunctions" time="0.001"/>
  <testcase name="testBtnRemoveActionPerformed_databaseDeletionVerification" classname="com.example.review.TestFunctions" time="0"/>
  <testcase name="testValidateInput_invalidDOBFormat" classname="com.example.review.TestFunctions" time="0.001"/>
  <testcase name="testValidateInput_invalidEmailAddress" classname="com.example.review.TestFunctions" time="0"/>
  <testcase name="testBtnRemoveActionPerformed_noRowSelected" classname="com.example.review.TestFunctions" time="0"/>
  <testcase name="testDisplayModules_emptyModulesArray" classname="com.example.review.TestFunctions" time="0.033"/>
  <testcase name="testGenerateMarksArraySize" classname="com.example.review.TestFunctions" time="0.04"/>
  <testcase name="testValidateInput_invalidNameFormat" classname="com.example.review.TestFunctions" time="0.001"/>
  <testcase name="testBtnBackupActionPerformed_emptyStudentList" classname="com.example.review.TestFunctions" time="0"/>
  <testcase name="testIsStudentIDExist_nonExistingID" classname="com.example.review.TestFunctions" time="0.001"/>
</testsuite>